Using pre-set license
Built from '2020.3/staging' branch; Version is '2020.3.25f1 (9b9180224418) revision 10195328'; Using compiler version '192528614'; Build Type 'Release'
OS: 'Windows 11  (10.0.22000) 64bit Core' Language: 'fr' Physical Memory: 16251 MB
BatchMode: 1, IsHumanControllingUs: 0, StartBugReporterOnCrash: 0, Is64bit: 1, IsPro: 0

COMMAND LINE ARGUMENTS:
C:\Program Files\Unity\Hub\Editor\2020.3.25f1\Editor\Unity.exe
-adb2
-batchMode
-noUpm
-name
AssetImportWorker0
-projectPath
C:/Users/pauli/Documents/GitHub/learning/CityBuilderWithAsync
-logFile
Logs/AssetImportWorker0.log
-srvPort
49478
Successfully changed project path to: C:/Users/pauli/Documents/GitHub/learning/CityBuilderWithAsync
C:/Users/pauli/Documents/GitHub/learning/CityBuilderWithAsync
Using Asset Import Pipeline V2.
Refreshing native plugins compatible for Editor in 19.59 ms, found 0 plugins.
Preloading 0 native plugins for Editor in 0.00 ms.
Initialize engine version: 2020.3.25f1 (9b9180224418)
[Subsystems] Discovering subsystems at path C:/Program Files/Unity/Hub/Editor/2020.3.25f1/Editor/Data/Resources/UnitySubsystems
[Subsystems] Discovering subsystems at path C:/Users/pauli/Documents/GitHub/learning/CityBuilderWithAsync/Assets
GfxDevice: creating device client; threaded=0
Direct3D:
    Version:  Direct3D 11.0 [level 11.1]
    Renderer: NVIDIA GeForce RTX 3060 (ID=0x2504)
    Vendor:   
    VRAM:     12143 MB
    Driver:   30.0.14.9649
Initialize mono
Mono path[0] = 'C:/Program Files/Unity/Hub/Editor/2020.3.25f1/Editor/Data/Managed'
Mono path[1] = 'C:/Program Files/Unity/Hub/Editor/2020.3.25f1/Editor/Data/MonoBleedingEdge/lib/mono/unityjit'
Mono config path = 'C:/Program Files/Unity/Hub/Editor/2020.3.25f1/Editor/Data/MonoBleedingEdge/etc'
Using monoOptions --debugger-agent=transport=dt_socket,embedding=1,server=y,suspend=n,address=127.0.0.1:56640
Begin MonoManager ReloadAssembly
Registering precompiled unity dll's ...
Register platform support module: C:/Program Files/Unity/Hub/Editor/2020.3.25f1/Editor/Data/PlaybackEngines/WebGLSupport/UnityEditor.WebGL.Extensions.dll
Register platform support module: C:/Program Files/Unity/Hub/Editor/2020.3.25f1/Editor/Data/PlaybackEngines/WindowsStandaloneSupport/UnityEditor.WindowsStandalone.Extensions.dll
Registered in 0.001855 seconds.
Native extension for WindowsStandalone target not found
Native extension for WebGL target not found
Refreshing native plugins compatible for Editor in 20.24 ms, found 0 plugins.
Preloading 0 native plugins for Editor in 0.00 ms.
Mono: successfully reloaded assembly
- Completed reload, in  0.461 seconds
Domain Reload Profiling:
	ReloadAssembly (461ms)
		BeginReloadAssembly (41ms)
			ExecutionOrderSort (0ms)
			DisableScriptedObjects (0ms)
			BackupInstance (0ms)
			ReleaseScriptingObjects (0ms)
			CreateAndSetChildDomain (1ms)
		EndReloadAssembly (362ms)
			LoadAssemblies (40ms)
			RebuildTransferFunctionScriptingTraits (0ms)
			SetupTypeCache (129ms)
			ReleaseScriptCaches (0ms)
			RebuildScriptCaches (24ms)
			SetupLoadedEditorAssemblies (130ms)
				LogAssemblyErrors (0ms)
				InitializePlatformSupportModulesInManaged (4ms)
				SetLoadedEditorAssemblies (0ms)
				RefreshPlugins (20ms)
				BeforeProcessingInitializeOnLoad (14ms)
				ProcessInitializeOnLoadAttributes (68ms)
				ProcessInitializeOnLoadMethodAttributes (23ms)
				AfterProcessingInitializeOnLoad (0ms)
				EditorAssembliesLoaded (0ms)
			ExecutionOrderSort2 (0ms)
			AwakeInstancesAfterBackupRestoration (0ms)
Platform modules already initialized, skipping
Registering precompiled user dll's ...
Registered in 0.000572 seconds.
Begin MonoManager ReloadAssembly
Native extension for WindowsStandalone target not found
Native extension for WebGL target not found
Refreshing native plugins compatible for Editor in 0.19 ms, found 0 plugins.
Preloading 0 native plugins for Editor in 0.00 ms.
Mono: successfully reloaded assembly
- Completed reload, in  0.643 seconds
Domain Reload Profiling:
	ReloadAssembly (643ms)
		BeginReloadAssembly (112ms)
			ExecutionOrderSort (0ms)
			DisableScriptedObjects (4ms)
			BackupInstance (0ms)
			ReleaseScriptingObjects (0ms)
			CreateAndSetChildDomain (14ms)
		EndReloadAssembly (484ms)
			LoadAssemblies (63ms)
			RebuildTransferFunctionScriptingTraits (0ms)
			SetupTypeCache (152ms)
			ReleaseScriptCaches (0ms)
			RebuildScriptCaches (32ms)
			SetupLoadedEditorAssemblies (164ms)
				LogAssemblyErrors (0ms)
				InitializePlatformSupportModulesInManaged (4ms)
				SetLoadedEditorAssemblies (0ms)
				RefreshPlugins (0ms)
				BeforeProcessingInitializeOnLoad (60ms)
				ProcessInitializeOnLoadAttributes (85ms)
				ProcessInitializeOnLoadMethodAttributes (8ms)
				AfterProcessingInitializeOnLoad (5ms)
				EditorAssembliesLoaded (0ms)
			ExecutionOrderSort2 (0ms)
			AwakeInstancesAfterBackupRestoration (5ms)
Platform modules already initialized, skipping
========================================================================
Worker process is ready to serve import requests
Launched and connected shader compiler UnityShaderCompiler.exe after 0.03 seconds
Refreshing native plugins compatible for Editor in 0.19 ms, found 0 plugins.
Preloading 0 native plugins for Editor in 0.00 ms.
Unloading 1119 Unused Serialized files (Serialized files now loaded: 0)
System memory in use before: 59.6 MB.
System memory in use after: 59.7 MB.

Unloading 13 unused Assets to reduce memory usage. Loaded Objects now: 1566.
Total: 1.778400 ms (FindLiveObjects: 0.096200 ms CreateObjectMapping: 0.029700 ms MarkObjects: 1.606400 ms  DeleteObjects: 0.045500 ms)

AssetImportParameters requested are different than current active one (requested -> active):
  custom:framework-win-MediaFoundation: 216162199b28c13a410421893ffa2e32 -> 
  custom:video-decoder-ogg-theora: a1e56fd34408186e4bbccfd4996cb3dc -> 
  custom:container-muxer-webm: aa71ff27fc2769a1b78a27578f13a17b -> 
  custom:container-demuxer-webm: 4f35f7cbe854078d1ac9338744f61a02 -> 
  custom:container-demuxer-ogg: 62fdf1f143b41e24485cea50d1cbac27 -> 
  custom:video-encoder-webm-vp8: eb34c28f22e8b96e1ab97ce403110664 -> 
  custom:video-decoder-webm-vp8: 9c59270c3fd7afecdb556c50c9e8de78 -> 
  custom:audio-decoder-ogg-vorbis: bf7c407c2cedff20999df2af8eb42d56 -> 
  custom:audio-encoder-webm-vorbis: bf7c407c2cedff20999df2af8eb42d56 -> 
========================================================================
Received Import Request.
  path: Assets/RW/Scripts/ScriptableObjects
  artifactKey: Guid(1e1634c3490753a40ac2d04fb3472c19) Importer(815301076,1909f56bfc062723c751e8b465ee728b)
Start importing Assets/RW/Scripts/ScriptableObjects using Guid(1e1634c3490753a40ac2d04fb3472c19) Importer(815301076,1909f56bfc062723c751e8b465ee728b)  -> (artifact id: 'e1509629bdb54c25e793ee5cd510dec1') in 0.006892 seconds 
  Import took 0.008243 seconds .

========================================================================
Received Import Request.
  Time since last request: 1.368298 seconds.
  path: Assets/RW/Scripts/Managers/StructurePlacementManager.cs
  artifactKey: Guid(ecb27d3868e6be34a86ae8d686f6afdb) Importer(815301076,1909f56bfc062723c751e8b465ee728b)
Start importing Assets/RW/Scripts/Managers/StructurePlacementManager.cs using Guid(ecb27d3868e6be34a86ae8d686f6afdb) Importer(815301076,1909f56bfc062723c751e8b465ee728b)  -> (artifact id: '53332363ae1bbf3b0d4a4779ab0ead1a') in 0.015493 seconds 
  Import took 0.016989 seconds .

========================================================================
Received Import Request.
  Time since last request: 0.441993 seconds.
  path: Assets/RW/Scripts/Managers/ConstructionManager.cs
  artifactKey: Guid(102c0b0108cb4700bfb388c96e9332ef) Importer(815301076,1909f56bfc062723c751e8b465ee728b)
Start importing Assets/RW/Scripts/Managers/ConstructionManager.cs using Guid(102c0b0108cb4700bfb388c96e9332ef) Importer(815301076,1909f56bfc062723c751e8b465ee728b)  -> (artifact id: '089241be017e9583cea3b01ecfef8c0c') in 0.005401 seconds 
  Import took 0.007199 seconds .

========================================================================
Received Import Request.
  Time since last request: 1010.158989 seconds.
  path: Assets/RW/Scripts/Managers/ConstructionManager.cs
  artifactKey: Guid(102c0b0108cb4700bfb388c96e9332ef) Importer(815301076,1909f56bfc062723c751e8b465ee728b)
Start importing Assets/RW/Scripts/Managers/ConstructionManager.cs using Guid(102c0b0108cb4700bfb388c96e9332ef) Importer(815301076,1909f56bfc062723c751e8b465ee728b)  -> (artifact id: '711ca33349c06d0abbf0e029a9a07ae6') in 0.002397 seconds 
  Import took 0.004742 seconds .

========================================================================
Received Import Request.
  Time since last request: 268.694420 seconds.
  path: Assets/RW/Scripts/Managers/ConstructionManager.cs
  artifactKey: Guid(102c0b0108cb4700bfb388c96e9332ef) Importer(815301076,1909f56bfc062723c751e8b465ee728b)
Start importing Assets/RW/Scripts/Managers/ConstructionManager.cs using Guid(102c0b0108cb4700bfb388c96e9332ef) Importer(815301076,1909f56bfc062723c751e8b465ee728b)  -> (artifact id: '6c4fafa2aab3cbec2a07e5a63cdca55b') in 0.002292 seconds 
  Import took 0.004150 seconds .

========================================================================
Received Import Request.
  Time since last request: 118.770625 seconds.
  path: Assets/RW/Scripts/Managers/ConstructionManager.cs
  artifactKey: Guid(102c0b0108cb4700bfb388c96e9332ef) Importer(815301076,1909f56bfc062723c751e8b465ee728b)
Start importing Assets/RW/Scripts/Managers/ConstructionManager.cs using Guid(102c0b0108cb4700bfb388c96e9332ef) Importer(815301076,1909f56bfc062723c751e8b465ee728b)  -> (artifact id: 'd350a5371896eb4a744efe2b386cbbba') in 0.002123 seconds 
  Import took 0.003835 seconds .

========================================================================
Received Import Request.
  Time since last request: 52.336046 seconds.
  path: Assets/RW/Scripts/Managers/ConstructionManager.cs
  artifactKey: Guid(102c0b0108cb4700bfb388c96e9332ef) Importer(815301076,1909f56bfc062723c751e8b465ee728b)
Start importing Assets/RW/Scripts/Managers/ConstructionManager.cs using Guid(102c0b0108cb4700bfb388c96e9332ef) Importer(815301076,1909f56bfc062723c751e8b465ee728b)  -> (artifact id: '0fc416bef0f9d4ade39a7496fcc73008') in 0.002047 seconds 
  Import took 0.003536 seconds .

AssetImportWorkerClient::OnTransportError - code=2 error=End of file
